{"C:\\Users\\Tomas\\Desktop\\Repositorios\\desarrollo-aplicaciones-front\\src\\components\\auth\\AuthScreen.tsx": {"path":"C:\\Users\\Tomas\\Desktop\\Repositorios\\desarrollo-aplicaciones-front\\src\\components\\auth\\AuthScreen.tsx","statementMap":{"0":{"start":{"line":26,"column":28},"end":{"line":26,"column":40}},"1":{"start":{"line":27,"column":34},"end":{"line":27,"column":46}},"2":{"start":{"line":29,"column":31},"end":{"line":29,"column":40}},"3":{"start":{"line":31,"column":2},"end":{"line":35,"column":25}},"4":{"start":{"line":32,"column":4},"end":{"line":34,"column":5}},"5":{"start":{"line":33,"column":6},"end":{"line":33,"column":26}},"6":{"start":{"line":37,"column":2},"end":{"line":79,"column":4}},"7":{"start":{"line":64,"column":63},"end":{"line":64,"column":90}},"8":{"start":{"line":82,"column":15},"end":{"line":169,"column":2}}},"fnMap":{"0":{"name":"AuthScreen","decl":{"start":{"line":11,"column":24},"end":{"line":11,"column":34}},"loc":{"start":{"line":25,"column":3},"end":{"line":80,"column":1}},"line":25},"1":{"name":"(anonymous_1)","decl":{"start":{"line":31,"column":12},"end":{"line":31,"column":13}},"loc":{"start":{"line":31,"column":18},"end":{"line":35,"column":3}},"line":31},"2":{"name":"(anonymous_2)","decl":{"start":{"line":64,"column":57},"end":{"line":64,"column":58}},"loc":{"start":{"line":64,"column":63},"end":{"line":64,"column":90}},"line":64}},"branchMap":{"0":{"loc":{"start":{"line":32,"column":4},"end":{"line":34,"column":5}},"type":"if","locations":[{"start":{"line":32,"column":4},"end":{"line":34,"column":5}},{"start":{},"end":{}}],"line":32},"1":{"loc":{"start":{"line":32,"column":8},"end":{"line":32,"column":27}},"type":"binary-expr","locations":[{"start":{"line":32,"column":8},"end":{"line":32,"column":15}},{"start":{"line":32,"column":19},"end":{"line":32,"column":27}}],"line":32}},"s":{"0":7,"1":7,"2":7,"3":7,"4":5,"5":1,"6":7,"7":1,"8":1},"f":{"0":7,"1":5,"2":1},"b":{"0":[1,4],"1":[5,2]},"_coverageSchema":"1a1c01bbd47fc00a2c39e90264f33305004495a9","hash":"4429cf29607d7a38b4fa949ae1779d5185b4479d"}
,"C:\\Users\\Tomas\\Desktop\\Repositorios\\desarrollo-aplicaciones-front\\src\\components\\cart\\CartScreen.tsx": {"path":"C:\\Users\\Tomas\\Desktop\\Repositorios\\desarrollo-aplicaciones-front\\src\\components\\cart\\CartScreen.tsx","statementMap":{"0":{"start":{"line":14,"column":26},"end":{"line":14,"column":74}},"1":{"start":{"line":16,"column":19},"end":{"line":89,"column":1}},"2":{"start":{"line":17,"column":76},"end":{"line":17,"column":85}},"3":{"start":{"line":19,"column":2},"end":{"line":25,"column":4}},"4":{"start":{"line":21,"column":6},"end":{"line":23,"column":7}},"5":{"start":{"line":22,"column":8},"end":{"line":22,"column":28}},"6":{"start":{"line":27,"column":2},"end":{"line":27,"column":50}},"7":{"start":{"line":27,"column":38},"end":{"line":27,"column":50}},"8":{"start":{"line":29,"column":21},"end":{"line":29,"column":48}},"9":{"start":{"line":31,"column":2},"end":{"line":88,"column":4}},"10":{"start":{"line":34,"column":86},"end":{"line":34,"column":99}},"11":{"start":{"line":44,"column":32},"end":{"line":44,"column":84}},"12":{"start":{"line":45,"column":12},"end":{"line":63,"column":14}},"13":{"start":{"line":58,"column":37},"end":{"line":58,"column":69}},"14":{"start":{"line":59,"column":37},"end":{"line":59,"column":69}},"15":{"start":{"line":84,"column":62},"end":{"line":84,"column":96}},"16":{"start":{"line":91,"column":15},"end":{"line":210,"column":2}}},"fnMap":{"0":{"name":"(anonymous_0)","decl":{"start":{"line":16,"column":19},"end":{"line":16,"column":20}},"loc":{"start":{"line":16,"column":25},"end":{"line":89,"column":1}},"line":16},"1":{"name":"(anonymous_1)","decl":{"start":{"line":20,"column":16},"end":{"line":20,"column":17}},"loc":{"start":{"line":20,"column":22},"end":{"line":24,"column":5}},"line":20},"2":{"name":"(anonymous_2)","decl":{"start":{"line":34,"column":80},"end":{"line":34,"column":81}},"loc":{"start":{"line":34,"column":86},"end":{"line":34,"column":99}},"line":34},"3":{"name":"(anonymous_3)","decl":{"start":{"line":43,"column":21},"end":{"line":43,"column":22}},"loc":{"start":{"line":43,"column":31},"end":{"line":64,"column":11}},"line":43},"4":{"name":"(anonymous_4)","decl":{"start":{"line":58,"column":31},"end":{"line":58,"column":32}},"loc":{"start":{"line":58,"column":37},"end":{"line":58,"column":69}},"line":58},"5":{"name":"(anonymous_5)","decl":{"start":{"line":59,"column":31},"end":{"line":59,"column":32}},"loc":{"start":{"line":59,"column":37},"end":{"line":59,"column":69}},"line":59},"6":{"name":"(anonymous_6)","decl":{"start":{"line":84,"column":56},"end":{"line":84,"column":57}},"loc":{"start":{"line":84,"column":62},"end":{"line":84,"column":96}},"line":84}},"branchMap":{"0":{"loc":{"start":{"line":21,"column":6},"end":{"line":23,"column":7}},"type":"if","locations":[{"start":{"line":21,"column":6},"end":{"line":23,"column":7}},{"start":{},"end":{}}],"line":21},"1":{"loc":{"start":{"line":27,"column":2},"end":{"line":27,"column":50}},"type":"if","locations":[{"start":{"line":27,"column":2},"end":{"line":27,"column":50}},{"start":{},"end":{}}],"line":27},"2":{"loc":{"start":{"line":27,"column":6},"end":{"line":27,"column":36}},"type":"binary-expr","locations":[{"start":{"line":27,"column":6},"end":{"line":27,"column":14}},{"start":{"line":27,"column":18},"end":{"line":27,"column":36}}],"line":27},"3":{"loc":{"start":{"line":44,"column":32},"end":{"line":44,"column":84}},"type":"cond-expr","locations":[{"start":{"line":44,"column":45},"end":{"line":44,"column":64}},{"start":{"line":44,"column":67},"end":{"line":44,"column":84}}],"line":44}},"s":{"0":1,"1":1,"2":9,"3":9,"4":9,"5":2,"6":9,"7":3,"8":6,"9":6,"10":1,"11":6,"12":6,"13":1,"14":1,"15":1,"16":1},"f":{"0":9,"1":9,"2":1,"3":6,"4":1,"5":1,"6":1},"b":{"0":[2,7],"1":[3,6],"2":[9,8],"3":[1,5]},"_coverageSchema":"1a1c01bbd47fc00a2c39e90264f33305004495a9","hash":"3f9a63c5127410c2aa14334bd785b7dab2907787"}
,"C:\\Users\\Tomas\\Desktop\\Repositorios\\desarrollo-aplicaciones-front\\src\\components\\restaurants\\RestaurantCard.tsx": {"path":"C:\\Users\\Tomas\\Desktop\\Repositorios\\desarrollo-aplicaciones-front\\src\\components\\restaurants\\RestaurantCard.tsx","statementMap":{"0":{"start":{"line":9,"column":23},"end":{"line":23,"column":1}},"1":{"start":{"line":10,"column":22},"end":{"line":12,"column":3}},"2":{"start":{"line":11,"column":4},"end":{"line":11,"column":49}},"3":{"start":{"line":14,"column":2},"end":{"line":22,"column":4}},"4":{"start":{"line":25,"column":15},"end":{"line":57,"column":2}}},"fnMap":{"0":{"name":"(anonymous_0)","decl":{"start":{"line":9,"column":23},"end":{"line":9,"column":24}},"loc":{"start":{"line":9,"column":71},"end":{"line":23,"column":1}},"line":9},"1":{"name":"(anonymous_1)","decl":{"start":{"line":10,"column":22},"end":{"line":10,"column":23}},"loc":{"start":{"line":10,"column":28},"end":{"line":12,"column":3}},"line":10}},"branchMap":{},"s":{"0":2,"1":12,"2":1,"3":12,"4":2},"f":{"0":12,"1":1},"b":{},"_coverageSchema":"1a1c01bbd47fc00a2c39e90264f33305004495a9","hash":"fef6783ecfc2db990b5ce31b00ea4113a6a1368e"}
,"C:\\Users\\Tomas\\Desktop\\Repositorios\\desarrollo-aplicaciones-front\\src\\components\\restaurants\\RestaurantsList.tsx": {"path":"C:\\Users\\Tomas\\Desktop\\Repositorios\\desarrollo-aplicaciones-front\\src\\components\\restaurants\\RestaurantsList.tsx","statementMap":{"0":{"start":{"line":9,"column":24},"end":{"line":28,"column":1}},"1":{"start":{"line":10,"column":38},"end":{"line":10,"column":50}},"2":{"start":{"line":11,"column":30},"end":{"line":11,"column":130}},"3":{"start":{"line":11,"column":65},"end":{"line":11,"column":129}},"4":{"start":{"line":13,"column":2},"end":{"line":27,"column":4}},"5":{"start":{"line":21,"column":50},"end":{"line":21,"column":112}},"6":{"start":{"line":30,"column":15},"end":{"line":62,"column":2}}},"fnMap":{"0":{"name":"(anonymous_0)","decl":{"start":{"line":9,"column":24},"end":{"line":9,"column":25}},"loc":{"start":{"line":9,"column":76},"end":{"line":28,"column":1}},"line":9},"1":{"name":"(anonymous_1)","decl":{"start":{"line":11,"column":49},"end":{"line":11,"column":50}},"loc":{"start":{"line":11,"column":65},"end":{"line":11,"column":129}},"line":11},"2":{"name":"(anonymous_2)","decl":{"start":{"line":21,"column":34},"end":{"line":21,"column":35}},"loc":{"start":{"line":21,"column":50},"end":{"line":21,"column":112}},"line":21}},"branchMap":{"0":{"loc":{"start":{"line":20,"column":9},"end":{"line":24,"column":9}},"type":"cond-expr","locations":[{"start":{"line":21,"column":10},"end":{"line":21,"column":113}},{"start":{"line":23,"column":10},"end":{"line":23,"column":92}}],"line":20},"1":{"loc":{"start":{"line":20,"column":9},"end":{"line":20,"column":62}},"type":"binary-expr","locations":[{"start":{"line":20,"column":9},"end":{"line":20,"column":28}},{"start":{"line":20,"column":32},"end":{"line":20,"column":62}}],"line":20}},"s":{"0":1,"1":6,"2":6,"3":15,"4":6,"5":10,"6":1},"f":{"0":6,"1":15,"2":10},"b":{"0":[4,2],"1":[6,6]},"_coverageSchema":"1a1c01bbd47fc00a2c39e90264f33305004495a9","hash":"7bca5b594bb93e86cc755db7bc5d827240985e45"}
,"C:\\Users\\Tomas\\Desktop\\Repositorios\\desarrollo-aplicaciones-front\\src\\components\\shared\\CartStepper.tsx": {"path":"C:\\Users\\Tomas\\Desktop\\Repositorios\\desarrollo-aplicaciones-front\\src\\components\\shared\\CartStepper.tsx","statementMap":{"0":{"start":{"line":14,"column":20},"end":{"line":31,"column":1}},"1":{"start":{"line":15,"column":2},"end":{"line":30,"column":4}},"2":{"start":{"line":33,"column":15},"end":{"line":58,"column":2}}},"fnMap":{"0":{"name":"(anonymous_0)","decl":{"start":{"line":14,"column":20},"end":{"line":14,"column":21}},"loc":{"start":{"line":14,"column":82},"end":{"line":31,"column":1}},"line":14}},"branchMap":{"0":{"loc":{"start":{"line":19,"column":31},"end":{"line":19,"column":70}},"type":"binary-expr","locations":[{"start":{"line":19,"column":31},"end":{"line":19,"column":45}},{"start":{"line":19,"column":49},"end":{"line":19,"column":70}}],"line":19}},"s":{"0":2,"1":10,"2":2},"f":{"0":10},"b":{"0":[10,1]},"_coverageSchema":"1a1c01bbd47fc00a2c39e90264f33305004495a9","hash":"e52508ac3d29d553d627970b8ad8765ddc60050d"}
,"C:\\Users\\Tomas\\Desktop\\Repositorios\\desarrollo-aplicaciones-front\\src\\providers\\auth.provider.tsx": {"path":"C:\\Users\\Tomas\\Desktop\\Repositorios\\desarrollo-aplicaciones-front\\src\\providers\\auth.provider.tsx","statementMap":{"0":{"start":{"line":17,"column":20},"end":{"line":24,"column":2}},"1":{"start":{"line":27,"column":32},"end":{"line":27,"column":62}},"2":{"start":{"line":28,"column":32},"end":{"line":28,"column":62}},"3":{"start":{"line":29,"column":32},"end":{"line":29,"column":46}},"4":{"start":{"line":31,"column":22},"end":{"line":39,"column":3}},"5":{"start":{"line":32,"column":4},"end":{"line":35,"column":5}},"6":{"start":{"line":33,"column":6},"end":{"line":33,"column":23}},"7":{"start":{"line":34,"column":6},"end":{"line":34,"column":13}},"8":{"start":{"line":37,"column":20},"end":{"line":37,"column":55}},"9":{"start":{"line":38,"column":4},"end":{"line":38,"column":24}},"10":{"start":{"line":41,"column":17},"end":{"line":44,"column":3}},"11":{"start":{"line":42,"column":4},"end":{"line":42,"column":50}},"12":{"start":{"line":46,"column":17},"end":{"line":48,"column":3}},"13":{"start":{"line":47,"column":4},"end":{"line":47,"column":50}},"14":{"start":{"line":50,"column":18},"end":{"line":59,"column":3}},"15":{"start":{"line":51,"column":4},"end":{"line":51,"column":21}},"16":{"start":{"line":52,"column":4},"end":{"line":52,"column":21}},"17":{"start":{"line":54,"column":4},"end":{"line":58,"column":5}},"18":{"start":{"line":55,"column":6},"end":{"line":55,"column":38}},"19":{"start":{"line":57,"column":6},"end":{"line":57,"column":49}},"20":{"start":{"line":61,"column":2},"end":{"line":109,"column":9}},"21":{"start":{"line":62,"column":18},"end":{"line":62,"column":22}},"22":{"start":{"line":64,"column":21},"end":{"line":85,"column":5}},"23":{"start":{"line":65,"column":6},"end":{"line":65,"column":23}},"24":{"start":{"line":69,"column":10},"end":{"line":69,"column":42}},"25":{"start":{"line":71,"column":6},"end":{"line":71,"column":27}},"26":{"start":{"line":71,"column":20},"end":{"line":71,"column":27}},"27":{"start":{"line":73,"column":6},"end":{"line":73,"column":26}},"28":{"start":{"line":75,"column":6},"end":{"line":84,"column":7}},"29":{"start":{"line":76,"column":8},"end":{"line":76,"column":35}},"30":{"start":{"line":78,"column":8},"end":{"line":78,"column":56}},"31":{"start":{"line":79,"column":8},"end":{"line":79,"column":25}},"32":{"start":{"line":81,"column":8},"end":{"line":83,"column":9}},"33":{"start":{"line":82,"column":10},"end":{"line":82,"column":28}},"34":{"start":{"line":87,"column":4},"end":{"line":87,"column":15}},"35":{"start":{"line":91,"column":8},"end":{"line":103,"column":6}},"36":{"start":{"line":92,"column":6},"end":{"line":92,"column":23}},"37":{"start":{"line":93,"column":6},"end":{"line":93,"column":26}},"38":{"start":{"line":95,"column":6},"end":{"line":102,"column":7}},"39":{"start":{"line":96,"column":8},"end":{"line":96,"column":35}},"40":{"start":{"line":98,"column":8},"end":{"line":98,"column":56}},"41":{"start":{"line":99,"column":8},"end":{"line":99,"column":25}},"42":{"start":{"line":101,"column":8},"end":{"line":101,"column":26}},"43":{"start":{"line":105,"column":4},"end":{"line":108,"column":6}},"44":{"start":{"line":106,"column":6},"end":{"line":106,"column":22}},"45":{"start":{"line":107,"column":6},"end":{"line":107,"column":33}},"46":{"start":{"line":111,"column":2},"end":{"line":123,"column":4}},"47":{"start":{"line":126,"column":23},"end":{"line":126,"column":52}},"48":{"start":{"line":126,"column":29},"end":{"line":126,"column":52}}},"fnMap":{"0":{"name":"(anonymous_0)","decl":{"start":{"line":21,"column":10},"end":{"line":21,"column":11}},"loc":{"start":{"line":21,"column":22},"end":{"line":21,"column":24}},"line":21},"1":{"name":"(anonymous_1)","decl":{"start":{"line":22,"column":10},"end":{"line":22,"column":11}},"loc":{"start":{"line":22,"column":22},"end":{"line":22,"column":24}},"line":22},"2":{"name":"(anonymous_2)","decl":{"start":{"line":23,"column":11},"end":{"line":23,"column":12}},"loc":{"start":{"line":23,"column":23},"end":{"line":23,"column":25}},"line":23},"3":{"name":"AuthProvider","decl":{"start":{"line":26,"column":16},"end":{"line":26,"column":28}},"loc":{"start":{"line":26,"column":74},"end":{"line":124,"column":1}},"line":26},"4":{"name":"(anonymous_4)","decl":{"start":{"line":31,"column":22},"end":{"line":31,"column":23}},"loc":{"start":{"line":31,"column":57},"end":{"line":39,"column":3}},"line":31},"5":{"name":"(anonymous_5)","decl":{"start":{"line":41,"column":17},"end":{"line":41,"column":18}},"loc":{"start":{"line":41,"column":60},"end":{"line":44,"column":3}},"line":41},"6":{"name":"(anonymous_6)","decl":{"start":{"line":46,"column":17},"end":{"line":46,"column":18}},"loc":{"start":{"line":46,"column":60},"end":{"line":48,"column":3}},"line":46},"7":{"name":"(anonymous_7)","decl":{"start":{"line":50,"column":18},"end":{"line":50,"column":19}},"loc":{"start":{"line":50,"column":30},"end":{"line":59,"column":3}},"line":50},"8":{"name":"(anonymous_8)","decl":{"start":{"line":61,"column":12},"end":{"line":61,"column":13}},"loc":{"start":{"line":61,"column":18},"end":{"line":109,"column":3}},"line":61},"9":{"name":"(anonymous_9)","decl":{"start":{"line":64,"column":21},"end":{"line":64,"column":22}},"loc":{"start":{"line":64,"column":33},"end":{"line":85,"column":5}},"line":64},"10":{"name":"(anonymous_10)","decl":{"start":{"line":91,"column":40},"end":{"line":91,"column":41}},"loc":{"start":{"line":91,"column":67},"end":{"line":103,"column":5}},"line":91},"11":{"name":"(anonymous_11)","decl":{"start":{"line":105,"column":11},"end":{"line":105,"column":12}},"loc":{"start":{"line":105,"column":17},"end":{"line":108,"column":5}},"line":105},"12":{"name":"(anonymous_12)","decl":{"start":{"line":126,"column":23},"end":{"line":126,"column":24}},"loc":{"start":{"line":126,"column":29},"end":{"line":126,"column":52}},"line":126}},"branchMap":{"0":{"loc":{"start":{"line":32,"column":4},"end":{"line":35,"column":5}},"type":"if","locations":[{"start":{"line":32,"column":4},"end":{"line":35,"column":5}},{"start":{},"end":{}}],"line":32},"1":{"loc":{"start":{"line":71,"column":6},"end":{"line":71,"column":27}},"type":"if","locations":[{"start":{"line":71,"column":6},"end":{"line":71,"column":27}},{"start":{},"end":{}}],"line":71},"2":{"loc":{"start":{"line":81,"column":8},"end":{"line":83,"column":9}},"type":"if","locations":[{"start":{"line":81,"column":8},"end":{"line":83,"column":9}},{"start":{},"end":{}}],"line":81}},"s":{"0":1,"1":24,"2":24,"3":24,"4":24,"5":12,"6":8,"7":8,"8":4,"9":2,"10":24,"11":1,"12":24,"13":1,"14":24,"15":2,"16":2,"17":2,"18":2,"19":1,"20":24,"21":10,"22":10,"23":10,"24":10,"25":10,"26":0,"27":10,"28":10,"29":10,"30":1,"31":1,"32":10,"33":10,"34":10,"35":10,"36":2,"37":2,"38":2,"39":2,"40":1,"41":1,"42":2,"43":10,"44":10,"45":10,"46":24,"47":1,"48":22},"f":{"0":0,"1":0,"2":0,"3":24,"4":12,"5":1,"6":1,"7":2,"8":10,"9":10,"10":2,"11":10,"12":22},"b":{"0":[8,4],"1":[0,10],"2":[10,0]},"_coverageSchema":"1a1c01bbd47fc00a2c39e90264f33305004495a9","hash":"8984b13ba26532606ddc9eca98b2b21efa15818e"}
,"C:\\Users\\Tomas\\Desktop\\Repositorios\\desarrollo-aplicaciones-front\\src\\providers\\cart.provider.tsx": {"path":"C:\\Users\\Tomas\\Desktop\\Repositorios\\desarrollo-aplicaciones-front\\src\\providers\\cart.provider.tsx","statementMap":{"0":{"start":{"line":34,"column":20},"end":{"line":34,"column":63}},"1":{"start":{"line":37,"column":37},"end":{"line":37,"column":71}},"2":{"start":{"line":38,"column":28},"end":{"line":38,"column":52}},"3":{"start":{"line":40,"column":20},"end":{"line":43,"column":3}},"4":{"start":{"line":41,"column":10},"end":{"line":41,"column":65}},"5":{"start":{"line":41,"column":40},"end":{"line":41,"column":61}},"6":{"start":{"line":45,"column":20},"end":{"line":48,"column":3}},"7":{"start":{"line":46,"column":10},"end":{"line":46,"column":78}},"8":{"start":{"line":46,"column":40},"end":{"line":46,"column":74}},"9":{"start":{"line":50,"column":19},"end":{"line":50,"column":46}},"10":{"start":{"line":52,"column":21},"end":{"line":61,"column":8}},"11":{"start":{"line":53,"column":4},"end":{"line":60,"column":7}},"12":{"start":{"line":54,"column":32},"end":{"line":54,"column":72}},"13":{"start":{"line":55,"column":27},"end":{"line":55,"column":61}},"14":{"start":{"line":56,"column":6},"end":{"line":58,"column":7}},"15":{"start":{"line":57,"column":8},"end":{"line":57,"column":21}},"16":{"start":{"line":59,"column":6},"end":{"line":59,"column":18}},"17":{"start":{"line":63,"column":23},"end":{"line":66,"column":8}},"18":{"start":{"line":64,"column":4},"end":{"line":64,"column":26}},"19":{"start":{"line":65,"column":4},"end":{"line":65,"column":17}},"20":{"start":{"line":68,"column":20},"end":{"line":70,"column":8}},"21":{"start":{"line":69,"column":4},"end":{"line":69,"column":17}},"22":{"start":{"line":72,"column":29},"end":{"line":75,"column":3}},"23":{"start":{"line":73,"column":27},"end":{"line":73,"column":86}},"24":{"start":{"line":73,"column":45},"end":{"line":73,"column":70}},"25":{"start":{"line":77,"column":21},"end":{"line":97,"column":8}},"26":{"start":{"line":78,"column":4},"end":{"line":96,"column":7}},"27":{"start":{"line":79,"column":23},"end":{"line":79,"column":67}},"28":{"start":{"line":79,"column":40},"end":{"line":79,"column":66}},"29":{"start":{"line":80,"column":6},"end":{"line":84,"column":7}},"30":{"start":{"line":81,"column":8},"end":{"line":83,"column":10}},"31":{"start":{"line":82,"column":10},"end":{"line":82,"column":77}},"32":{"start":{"line":85,"column":6},"end":{"line":95,"column":8}},"33":{"start":{"line":99,"column":27},"end":{"line":103,"column":8}},"34":{"start":{"line":100,"column":4},"end":{"line":102,"column":6}},"35":{"start":{"line":101,"column":6},"end":{"line":101,"column":91}},"36":{"start":{"line":101,"column":23},"end":{"line":101,"column":89}},"37":{"start":{"line":105,"column":27},"end":{"line":114,"column":8}},"38":{"start":{"line":106,"column":4},"end":{"line":113,"column":7}},"39":{"start":{"line":107,"column":19},"end":{"line":107,"column":62}},"40":{"start":{"line":107,"column":36},"end":{"line":107,"column":61}},"41":{"start":{"line":108,"column":6},"end":{"line":108,"column":29}},"42":{"start":{"line":108,"column":17},"end":{"line":108,"column":29}},"43":{"start":{"line":109,"column":6},"end":{"line":109,"column":83}},"44":{"start":{"line":109,"column":30},"end":{"line":109,"column":83}},"45":{"start":{"line":109,"column":56},"end":{"line":109,"column":81}},"46":{"start":{"line":110,"column":6},"end":{"line":112,"column":8}},"47":{"start":{"line":111,"column":8},"end":{"line":111,"column":74}},"48":{"start":{"line":116,"column":16},"end":{"line":145,"column":3}},"49":{"start":{"line":117,"column":11},"end":{"line":130,"column":5}},"50":{"start":{"line":147,"column":2},"end":{"line":147,"column":79}},"51":{"start":{"line":151,"column":18},"end":{"line":151,"column":41}},"52":{"start":{"line":152,"column":2},"end":{"line":154,"column":3}},"53":{"start":{"line":153,"column":4},"end":{"line":153,"column":64}},"54":{"start":{"line":155,"column":2},"end":{"line":155,"column":17}}},"fnMap":{"0":{"name":"CartProvider","decl":{"start":{"line":36,"column":16},"end":{"line":36,"column":28}},"loc":{"start":{"line":36,"column":74},"end":{"line":148,"column":1}},"line":36},"1":{"name":"(anonymous_1)","decl":{"start":{"line":41,"column":4},"end":{"line":41,"column":5}},"loc":{"start":{"line":41,"column":10},"end":{"line":41,"column":65}},"line":41},"2":{"name":"(anonymous_2)","decl":{"start":{"line":41,"column":23},"end":{"line":41,"column":24}},"loc":{"start":{"line":41,"column":40},"end":{"line":41,"column":61}},"line":41},"3":{"name":"(anonymous_3)","decl":{"start":{"line":46,"column":4},"end":{"line":46,"column":5}},"loc":{"start":{"line":46,"column":10},"end":{"line":46,"column":78}},"line":46},"4":{"name":"(anonymous_4)","decl":{"start":{"line":46,"column":23},"end":{"line":46,"column":24}},"loc":{"start":{"line":46,"column":40},"end":{"line":46,"column":74}},"line":46},"5":{"name":"(anonymous_5)","decl":{"start":{"line":52,"column":33},"end":{"line":52,"column":34}},"loc":{"start":{"line":52,"column":56},"end":{"line":61,"column":3}},"line":52},"6":{"name":"(anonymous_6)","decl":{"start":{"line":53,"column":20},"end":{"line":53,"column":21}},"loc":{"start":{"line":53,"column":30},"end":{"line":60,"column":5}},"line":53},"7":{"name":"(anonymous_7)","decl":{"start":{"line":63,"column":35},"end":{"line":63,"column":36}},"loc":{"start":{"line":63,"column":41},"end":{"line":66,"column":3}},"line":63},"8":{"name":"(anonymous_8)","decl":{"start":{"line":68,"column":32},"end":{"line":68,"column":33}},"loc":{"start":{"line":68,"column":38},"end":{"line":70,"column":3}},"line":68},"9":{"name":"(anonymous_9)","decl":{"start":{"line":73,"column":4},"end":{"line":73,"column":5}},"loc":{"start":{"line":73,"column":27},"end":{"line":73,"column":86}},"line":73},"10":{"name":"(anonymous_10)","decl":{"start":{"line":73,"column":38},"end":{"line":73,"column":39}},"loc":{"start":{"line":73,"column":45},"end":{"line":73,"column":70}},"line":73},"11":{"name":"(anonymous_11)","decl":{"start":{"line":77,"column":33},"end":{"line":77,"column":34}},"loc":{"start":{"line":77,"column":55},"end":{"line":97,"column":3}},"line":77},"12":{"name":"(anonymous_12)","decl":{"start":{"line":78,"column":13},"end":{"line":78,"column":14}},"loc":{"start":{"line":78,"column":23},"end":{"line":96,"column":5}},"line":78},"13":{"name":"(anonymous_13)","decl":{"start":{"line":79,"column":33},"end":{"line":79,"column":34}},"loc":{"start":{"line":79,"column":40},"end":{"line":79,"column":66}},"line":79},"14":{"name":"(anonymous_14)","decl":{"start":{"line":81,"column":24},"end":{"line":81,"column":25}},"loc":{"start":{"line":82,"column":10},"end":{"line":82,"column":77}},"line":82},"15":{"name":"(anonymous_15)","decl":{"start":{"line":99,"column":39},"end":{"line":99,"column":40}},"loc":{"start":{"line":99,"column":62},"end":{"line":103,"column":3}},"line":99},"16":{"name":"(anonymous_16)","decl":{"start":{"line":100,"column":13},"end":{"line":100,"column":14}},"loc":{"start":{"line":101,"column":6},"end":{"line":101,"column":91}},"line":101},"17":{"name":"(anonymous_17)","decl":{"start":{"line":101,"column":15},"end":{"line":101,"column":16}},"loc":{"start":{"line":101,"column":23},"end":{"line":101,"column":89}},"line":101},"18":{"name":"(anonymous_18)","decl":{"start":{"line":105,"column":39},"end":{"line":105,"column":40}},"loc":{"start":{"line":105,"column":62},"end":{"line":114,"column":3}},"line":105},"19":{"name":"(anonymous_19)","decl":{"start":{"line":106,"column":13},"end":{"line":106,"column":14}},"loc":{"start":{"line":106,"column":23},"end":{"line":113,"column":5}},"line":106},"20":{"name":"(anonymous_20)","decl":{"start":{"line":107,"column":29},"end":{"line":107,"column":30}},"loc":{"start":{"line":107,"column":36},"end":{"line":107,"column":61}},"line":107},"21":{"name":"(anonymous_21)","decl":{"start":{"line":109,"column":49},"end":{"line":109,"column":50}},"loc":{"start":{"line":109,"column":56},"end":{"line":109,"column":81}},"line":109},"22":{"name":"(anonymous_22)","decl":{"start":{"line":110,"column":22},"end":{"line":110,"column":23}},"loc":{"start":{"line":111,"column":8},"end":{"line":111,"column":74}},"line":111},"23":{"name":"(anonymous_23)","decl":{"start":{"line":117,"column":4},"end":{"line":117,"column":5}},"loc":{"start":{"line":117,"column":11},"end":{"line":130,"column":5}},"line":117},"24":{"name":"useCart","decl":{"start":{"line":150,"column":16},"end":{"line":150,"column":23}},"loc":{"start":{"line":150,"column":26},"end":{"line":156,"column":1}},"line":150}},"branchMap":{"0":{"loc":{"start":{"line":56,"column":6},"end":{"line":58,"column":7}},"type":"if","locations":[{"start":{"line":56,"column":6},"end":{"line":58,"column":7}},{"start":{},"end":{}}],"line":56},"1":{"loc":{"start":{"line":56,"column":10},"end":{"line":56,"column":43}},"type":"binary-expr","locations":[{"start":{"line":56,"column":10},"end":{"line":56,"column":27}},{"start":{"line":56,"column":31},"end":{"line":56,"column":43}}],"line":56},"2":{"loc":{"start":{"line":73,"column":27},"end":{"line":73,"column":86}},"type":"binary-expr","locations":[{"start":{"line":73,"column":27},"end":{"line":73,"column":81}},{"start":{"line":73,"column":85},"end":{"line":73,"column":86}}],"line":73},"3":{"loc":{"start":{"line":80,"column":6},"end":{"line":84,"column":7}},"type":"if","locations":[{"start":{"line":80,"column":6},"end":{"line":84,"column":7}},{"start":{},"end":{}}],"line":80},"4":{"loc":{"start":{"line":82,"column":10},"end":{"line":82,"column":77}},"type":"cond-expr","locations":[{"start":{"line":82,"column":39},"end":{"line":82,"column":73}},{"start":{"line":82,"column":76},"end":{"line":82,"column":77}}],"line":82},"5":{"loc":{"start":{"line":101,"column":23},"end":{"line":101,"column":89}},"type":"cond-expr","locations":[{"start":{"line":101,"column":51},"end":{"line":101,"column":85}},{"start":{"line":101,"column":88},"end":{"line":101,"column":89}}],"line":101},"6":{"loc":{"start":{"line":108,"column":6},"end":{"line":108,"column":29}},"type":"if","locations":[{"start":{"line":108,"column":6},"end":{"line":108,"column":29}},{"start":{},"end":{}}],"line":108},"7":{"loc":{"start":{"line":109,"column":6},"end":{"line":109,"column":83}},"type":"if","locations":[{"start":{"line":109,"column":6},"end":{"line":109,"column":83}},{"start":{},"end":{}}],"line":109},"8":{"loc":{"start":{"line":111,"column":8},"end":{"line":111,"column":74}},"type":"cond-expr","locations":[{"start":{"line":111,"column":36},"end":{"line":111,"column":70}},{"start":{"line":111,"column":73},"end":{"line":111,"column":74}}],"line":111},"9":{"loc":{"start":{"line":152,"column":2},"end":{"line":154,"column":3}},"type":"if","locations":[{"start":{"line":152,"column":2},"end":{"line":154,"column":3}},{"start":{},"end":{}}],"line":152}},"s":{"0":1,"1":58,"2":58,"3":58,"4":55,"5":32,"6":58,"7":55,"8":32,"9":58,"10":58,"11":10,"12":10,"13":10,"14":10,"15":9,"16":10,"17":58,"18":1,"19":1,"20":58,"21":1,"22":58,"23":8,"24":8,"25":58,"26":18,"27":18,"28":5,"29":18,"30":2,"31":3,"32":16,"33":58,"34":5,"35":5,"36":7,"37":58,"38":4,"39":4,"40":3,"41":4,"42":1,"43":3,"44":1,"45":1,"46":2,"47":3,"48":58,"49":56,"50":58,"51":58,"52":58,"53":2,"54":56},"f":{"0":58,"1":55,"2":32,"3":55,"4":32,"5":10,"6":10,"7":1,"8":1,"9":8,"10":8,"11":18,"12":18,"13":5,"14":3,"15":5,"16":5,"17":7,"18":4,"19":4,"20":3,"21":1,"22":3,"23":56,"24":58},"b":{"0":[9,1],"1":[10,2],"2":[8,2],"3":[2,16],"4":[2,1],"5":[5,2],"6":[1,3],"7":[1,2],"8":[2,1],"9":[2,56]},"_coverageSchema":"1a1c01bbd47fc00a2c39e90264f33305004495a9","hash":"36509019293eab6b4516d72c3264ca72341ed693"}
,"C:\\Users\\Tomas\\Desktop\\Repositorios\\desarrollo-aplicaciones-front\\src\\services\\app_user.service.ts": {"path":"C:\\Users\\Tomas\\Desktop\\Repositorios\\desarrollo-aplicaciones-front\\src\\services\\app_user.service.ts","statementMap":{"0":{"start":{"line":4,"column":30},"end":{"line":27,"column":1}},"1":{"start":{"line":6,"column":4},"end":{"line":8,"column":7}},"2":{"start":{"line":12,"column":4},"end":{"line":14,"column":7}},"3":{"start":{"line":18,"column":4},"end":{"line":25,"column":7}}},"fnMap":{"0":{"name":"(anonymous_0)","decl":{"start":{"line":5,"column":16},"end":{"line":5,"column":17}},"loc":{"start":{"line":5,"column":28},"end":{"line":9,"column":3}},"line":5},"1":{"name":"(anonymous_1)","decl":{"start":{"line":11,"column":15},"end":{"line":11,"column":16}},"loc":{"start":{"line":11,"column":27},"end":{"line":15,"column":3}},"line":11},"2":{"name":"(anonymous_2)","decl":{"start":{"line":17,"column":18},"end":{"line":17,"column":19}},"loc":{"start":{"line":17,"column":91},"end":{"line":26,"column":3}},"line":17}},"branchMap":{},"s":{"0":1,"1":1,"2":1,"3":1},"f":{"0":1,"1":1,"2":1},"b":{},"_coverageSchema":"1a1c01bbd47fc00a2c39e90264f33305004495a9","hash":"c8dea7a6c21504daebdf4c2a85bc9ae07a07d131"}
,"C:\\Users\\Tomas\\Desktop\\Repositorios\\desarrollo-aplicaciones-front\\src\\services\\menu.service.ts": {"path":"C:\\Users\\Tomas\\Desktop\\Repositorios\\desarrollo-aplicaciones-front\\src\\services\\menu.service.ts","statementMap":{"0":{"start":{"line":4,"column":27},"end":{"line":42,"column":1}},"1":{"start":{"line":6,"column":4},"end":{"line":10,"column":7}},"2":{"start":{"line":14,"column":4},"end":{"line":17,"column":7}},"3":{"start":{"line":21,"column":4},"end":{"line":25,"column":7}},"4":{"start":{"line":29,"column":4},"end":{"line":33,"column":7}},"5":{"start":{"line":37,"column":4},"end":{"line":40,"column":7}}},"fnMap":{"0":{"name":"(anonymous_0)","decl":{"start":{"line":5,"column":18},"end":{"line":5,"column":19}},"loc":{"start":{"line":5,"column":82},"end":{"line":11,"column":3}},"line":5},"1":{"name":"(anonymous_1)","decl":{"start":{"line":13,"column":18},"end":{"line":13,"column":19}},"loc":{"start":{"line":13,"column":70},"end":{"line":18,"column":3}},"line":13},"2":{"name":"(anonymous_2)","decl":{"start":{"line":20,"column":17},"end":{"line":20,"column":18}},"loc":{"start":{"line":20,"column":80},"end":{"line":26,"column":3}},"line":20},"3":{"name":"(anonymous_3)","decl":{"start":{"line":28,"column":17},"end":{"line":28,"column":18}},"loc":{"start":{"line":28,"column":99},"end":{"line":34,"column":3}},"line":28},"4":{"name":"(anonymous_4)","decl":{"start":{"line":36,"column":17},"end":{"line":36,"column":18}},"loc":{"start":{"line":36,"column":68},"end":{"line":41,"column":3}},"line":36}},"branchMap":{},"s":{"0":1,"1":1,"2":1,"3":1,"4":1,"5":1},"f":{"0":1,"1":1,"2":1,"3":1,"4":1},"b":{},"_coverageSchema":"1a1c01bbd47fc00a2c39e90264f33305004495a9","hash":"b4e3df25f821e4f031e2a2491b72a3f763d91586"}
,"C:\\Users\\Tomas\\Desktop\\Repositorios\\desarrollo-aplicaciones-front\\src\\services\\order.service.ts": {"path":"C:\\Users\\Tomas\\Desktop\\Repositorios\\desarrollo-aplicaciones-front\\src\\services\\order.service.ts","statementMap":{"0":{"start":{"line":8,"column":28},"end":{"line":53,"column":1}},"1":{"start":{"line":10,"column":4},"end":{"line":12,"column":7}},"2":{"start":{"line":16,"column":4},"end":{"line":20,"column":7}},"3":{"start":{"line":24,"column":18},"end":{"line":28,"column":6}},"4":{"start":{"line":30,"column":4},"end":{"line":30,"column":17}},"5":{"start":{"line":34,"column":19},"end":{"line":36,"column":6}},"6":{"start":{"line":38,"column":4},"end":{"line":38,"column":18}},"7":{"start":{"line":42,"column":4},"end":{"line":44,"column":7}},"8":{"start":{"line":48,"column":4},"end":{"line":51,"column":7}}},"fnMap":{"0":{"name":"(anonymous_0)","decl":{"start":{"line":9,"column":23},"end":{"line":9,"column":24}},"loc":{"start":{"line":9,"column":55},"end":{"line":13,"column":3}},"line":9},"1":{"name":"(anonymous_1)","decl":{"start":{"line":15,"column":21},"end":{"line":15,"column":22}},"loc":{"start":{"line":15,"column":91},"end":{"line":21,"column":3}},"line":15},"2":{"name":"(anonymous_2)","decl":{"start":{"line":23,"column":15},"end":{"line":23,"column":16}},"loc":{"start":{"line":23,"column":76},"end":{"line":31,"column":3}},"line":23},"3":{"name":"(anonymous_3)","decl":{"start":{"line":33,"column":15},"end":{"line":33,"column":16}},"loc":{"start":{"line":33,"column":27},"end":{"line":39,"column":3}},"line":33},"4":{"name":"(anonymous_4)","decl":{"start":{"line":41,"column":18},"end":{"line":41,"column":19}},"loc":{"start":{"line":41,"column":40},"end":{"line":45,"column":3}},"line":41},"5":{"name":"(anonymous_5)","decl":{"start":{"line":47,"column":17},"end":{"line":47,"column":18}},"loc":{"start":{"line":47,"column":39},"end":{"line":52,"column":3}},"line":47}},"branchMap":{},"s":{"0":1,"1":1,"2":1,"3":1,"4":1,"5":1,"6":1,"7":1,"8":1},"f":{"0":1,"1":1,"2":1,"3":1,"4":1,"5":1},"b":{},"_coverageSchema":"1a1c01bbd47fc00a2c39e90264f33305004495a9","hash":"3d339ac8acb5a6893de71fb8696037a396b986cc"}
,"C:\\Users\\Tomas\\Desktop\\Repositorios\\desarrollo-aplicaciones-front\\src\\services\\restaurant.service.ts": {"path":"C:\\Users\\Tomas\\Desktop\\Repositorios\\desarrollo-aplicaciones-front\\src\\services\\restaurant.service.ts","statementMap":{"0":{"start":{"line":4,"column":33},"end":{"line":30,"column":1}},"1":{"start":{"line":6,"column":4},"end":{"line":8,"column":7}},"2":{"start":{"line":12,"column":4},"end":{"line":14,"column":7}},"3":{"start":{"line":18,"column":4},"end":{"line":20,"column":7}},"4":{"start":{"line":24,"column":4},"end":{"line":28,"column":7}}},"fnMap":{"0":{"name":"(anonymous_0)","decl":{"start":{"line":5,"column":21},"end":{"line":5,"column":22}},"loc":{"start":{"line":5,"column":33},"end":{"line":9,"column":3}},"line":5},"1":{"name":"(anonymous_1)","decl":{"start":{"line":11,"column":21},"end":{"line":11,"column":22}},"loc":{"start":{"line":11,"column":43},"end":{"line":15,"column":3}},"line":11},"2":{"name":"(anonymous_2)","decl":{"start":{"line":17,"column":20},"end":{"line":17,"column":21}},"loc":{"start":{"line":17,"column":32},"end":{"line":21,"column":3}},"line":17},"3":{"name":"(anonymous_3)","decl":{"start":{"line":23,"column":20},"end":{"line":23,"column":21}},"loc":{"start":{"line":23,"column":64},"end":{"line":29,"column":3}},"line":23}},"branchMap":{},"s":{"0":1,"1":1,"2":1,"3":1,"4":1},"f":{"0":1,"1":1,"2":1,"3":1},"b":{},"_coverageSchema":"1a1c01bbd47fc00a2c39e90264f33305004495a9","hash":"e06a7dae408a7a9bb37da98c63356e7a968985c5"}
,"C:\\Users\\Tomas\\Desktop\\Repositorios\\desarrollo-aplicaciones-front\\src\\services\\restaurant_staff.service.ts": {"path":"C:\\Users\\Tomas\\Desktop\\Repositorios\\desarrollo-aplicaciones-front\\src\\services\\restaurant_staff.service.ts","statementMap":{"0":{"start":{"line":4,"column":38},"end":{"line":39,"column":1}},"1":{"start":{"line":6,"column":4},"end":{"line":8,"column":7}},"2":{"start":{"line":12,"column":4},"end":{"line":14,"column":7}},"3":{"start":{"line":18,"column":4},"end":{"line":22,"column":7}},"4":{"start":{"line":26,"column":4},"end":{"line":30,"column":7}},"5":{"start":{"line":34,"column":4},"end":{"line":37,"column":7}}},"fnMap":{"0":{"name":"(anonymous_0)","decl":{"start":{"line":5,"column":28},"end":{"line":5,"column":29}},"loc":{"start":{"line":5,"column":60},"end":{"line":9,"column":3}},"line":5},"1":{"name":"(anonymous_1)","decl":{"start":{"line":11,"column":22},"end":{"line":11,"column":23}},"loc":{"start":{"line":11,"column":54},"end":{"line":15,"column":3}},"line":11},"2":{"name":"(anonymous_2)","decl":{"start":{"line":17,"column":12},"end":{"line":17,"column":13}},"loc":{"start":{"line":17,"column":73},"end":{"line":23,"column":3}},"line":17},"3":{"name":"(anonymous_3)","decl":{"start":{"line":25,"column":19},"end":{"line":25,"column":20}},"loc":{"start":{"line":25,"column":94},"end":{"line":31,"column":3}},"line":25},"4":{"name":"(anonymous_4)","decl":{"start":{"line":33,"column":15},"end":{"line":33,"column":16}},"loc":{"start":{"line":33,"column":63},"end":{"line":38,"column":3}},"line":33}},"branchMap":{},"s":{"0":1,"1":1,"2":1,"3":1,"4":1,"5":1},"f":{"0":1,"1":1,"2":1,"3":1,"4":1},"b":{},"_coverageSchema":"1a1c01bbd47fc00a2c39e90264f33305004495a9","hash":"004e1f23662a3df2bb516767a24f1aa93e7798fa"}
,"C:\\Users\\Tomas\\Desktop\\Repositorios\\desarrollo-aplicaciones-front\\src\\services\\supabase.service.ts": {"path":"C:\\Users\\Tomas\\Desktop\\Repositorios\\desarrollo-aplicaciones-front\\src\\services\\supabase.service.ts","statementMap":{"0":{"start":{"line":3,"column":31},"end":{"line":37,"column":1}},"1":{"start":{"line":5,"column":28},"end":{"line":8,"column":6}},"2":{"start":{"line":10,"column":4},"end":{"line":13,"column":5}},"3":{"start":{"line":11,"column":6},"end":{"line":11,"column":25}},"4":{"start":{"line":12,"column":6},"end":{"line":12,"column":18}},"5":{"start":{"line":15,"column":4},"end":{"line":15,"column":37}},"6":{"start":{"line":19,"column":28},"end":{"line":22,"column":6}},"7":{"start":{"line":24,"column":4},"end":{"line":27,"column":5}},"8":{"start":{"line":25,"column":6},"end":{"line":25,"column":25}},"9":{"start":{"line":26,"column":6},"end":{"line":26,"column":18}},"10":{"start":{"line":31,"column":22},"end":{"line":31,"column":51}},"11":{"start":{"line":33,"column":4},"end":{"line":35,"column":5}},"12":{"start":{"line":34,"column":6},"end":{"line":34,"column":18}}},"fnMap":{"0":{"name":"(anonymous_0)","decl":{"start":{"line":4,"column":10},"end":{"line":4,"column":11}},"loc":{"start":{"line":4,"column":70},"end":{"line":16,"column":3}},"line":4},"1":{"name":"(anonymous_1)","decl":{"start":{"line":18,"column":10},"end":{"line":18,"column":11}},"loc":{"start":{"line":18,"column":68},"end":{"line":28,"column":3}},"line":18},"2":{"name":"(anonymous_2)","decl":{"start":{"line":30,"column":11},"end":{"line":30,"column":12}},"loc":{"start":{"line":30,"column":38},"end":{"line":36,"column":3}},"line":30}},"branchMap":{"0":{"loc":{"start":{"line":10,"column":4},"end":{"line":13,"column":5}},"type":"if","locations":[{"start":{"line":10,"column":4},"end":{"line":13,"column":5}},{"start":{},"end":{}}],"line":10},"1":{"loc":{"start":{"line":10,"column":8},"end":{"line":10,"column":22}},"type":"binary-expr","locations":[{"start":{"line":10,"column":8},"end":{"line":10,"column":13}},{"start":{"line":10,"column":17},"end":{"line":10,"column":22}}],"line":10},"2":{"loc":{"start":{"line":24,"column":4},"end":{"line":27,"column":5}},"type":"if","locations":[{"start":{"line":24,"column":4},"end":{"line":27,"column":5}},{"start":{},"end":{}}],"line":24},"3":{"loc":{"start":{"line":24,"column":8},"end":{"line":24,"column":22}},"type":"binary-expr","locations":[{"start":{"line":24,"column":8},"end":{"line":24,"column":13}},{"start":{"line":24,"column":17},"end":{"line":24,"column":22}}],"line":24},"4":{"loc":{"start":{"line":33,"column":4},"end":{"line":35,"column":5}},"type":"if","locations":[{"start":{"line":33,"column":4},"end":{"line":35,"column":5}},{"start":{},"end":{}}],"line":33}},"s":{"0":1,"1":2,"2":2,"3":1,"4":1,"5":1,"6":2,"7":2,"8":1,"9":1,"10":2,"11":2,"12":1},"f":{"0":2,"1":2,"2":2},"b":{"0":[1,1],"1":[2,1],"2":[1,1],"3":[2,1],"4":[1,1]},"_coverageSchema":"1a1c01bbd47fc00a2c39e90264f33305004495a9","hash":"91a4489b8b6a20f5045f1a0b915cf902ffb73e5b"}
,"C:\\Users\\Tomas\\Desktop\\Repositorios\\desarrollo-aplicaciones-front\\src\\services\\table.service.ts": {"path":"C:\\Users\\Tomas\\Desktop\\Repositorios\\desarrollo-aplicaciones-front\\src\\services\\table.service.ts","statementMap":{"0":{"start":{"line":4,"column":28},"end":{"line":28,"column":1}},"1":{"start":{"line":6,"column":4},"end":{"line":10,"column":7}},"2":{"start":{"line":14,"column":4},"end":{"line":17,"column":7}},"3":{"start":{"line":22,"column":4},"end":{"line":26,"column":7}}},"fnMap":{"0":{"name":"(anonymous_0)","decl":{"start":{"line":5,"column":15},"end":{"line":5,"column":16}},"loc":{"start":{"line":5,"column":76},"end":{"line":11,"column":3}},"line":5},"1":{"name":"(anonymous_1)","decl":{"start":{"line":13,"column":15},"end":{"line":13,"column":16}},"loc":{"start":{"line":13,"column":64},"end":{"line":18,"column":3}},"line":13},"2":{"name":"(anonymous_2)","decl":{"start":{"line":21,"column":21},"end":{"line":21,"column":22}},"loc":{"start":{"line":21,"column":105},"end":{"line":27,"column":3}},"line":21}},"branchMap":{},"s":{"0":1,"1":1,"2":1,"3":1},"f":{"0":1,"1":1,"2":1},"b":{},"_coverageSchema":"1a1c01bbd47fc00a2c39e90264f33305004495a9","hash":"c62c0bf9912f43c8d104c4c61c1518ffdb82ab0d"}
,"C:\\Users\\Tomas\\Desktop\\Repositorios\\desarrollo-aplicaciones-front\\src\\utils\\menu.ts": {"path":"C:\\Users\\Tomas\\Desktop\\Repositorios\\desarrollo-aplicaciones-front\\src\\utils\\menu.ts","statementMap":{"0":{"start":{"line":4,"column":2},"end":{"line":4,"column":45}},"1":{"start":{"line":8,"column":2},"end":{"line":8,"column":72}},"2":{"start":{"line":8,"column":55},"end":{"line":8,"column":70}},"3":{"start":{"line":12,"column":21},"end":{"line":12,"column":46}},"4":{"start":{"line":14,"column":2},"end":{"line":16,"column":3}},"5":{"start":{"line":15,"column":4},"end":{"line":15,"column":107}},"6":{"start":{"line":15,"column":44},"end":{"line":15,"column":105}},"7":{"start":{"line":15,"column":90},"end":{"line":15,"column":104}},"8":{"start":{"line":18,"column":19},"end":{"line":18,"column":68}},"9":{"start":{"line":18,"column":45},"end":{"line":18,"column":67}},"10":{"start":{"line":19,"column":2},"end":{"line":19,"column":72}},"11":{"start":{"line":19,"column":56},"end":{"line":19,"column":70}},"12":{"start":{"line":23,"column":2},"end":{"line":23,"column":84}},"13":{"start":{"line":23,"column":63},"end":{"line":23,"column":79}}},"fnMap":{"0":{"name":"formatPrice","decl":{"start":{"line":3,"column":16},"end":{"line":3,"column":27}},"loc":{"start":{"line":3,"column":51},"end":{"line":5,"column":1}},"line":3},"1":{"name":"getActiveCategories","decl":{"start":{"line":7,"column":16},"end":{"line":7,"column":35}},"loc":{"start":{"line":7,"column":72},"end":{"line":9,"column":1}},"line":7},"2":{"name":"(anonymous_2)","decl":{"start":{"line":8,"column":41},"end":{"line":8,"column":42}},"loc":{"start":{"line":8,"column":55},"end":{"line":8,"column":70}},"line":8},"3":{"name":"getProductsForCategory","decl":{"start":{"line":11,"column":16},"end":{"line":11,"column":38}},"loc":{"start":{"line":11,"column":101},"end":{"line":20,"column":1}},"line":11},"4":{"name":"(anonymous_4)","decl":{"start":{"line":15,"column":30},"end":{"line":15,"column":31}},"loc":{"start":{"line":15,"column":44},"end":{"line":15,"column":105}},"line":15},"5":{"name":"(anonymous_5)","decl":{"start":{"line":15,"column":77},"end":{"line":15,"column":78}},"loc":{"start":{"line":15,"column":90},"end":{"line":15,"column":104}},"line":15},"6":{"name":"(anonymous_6)","decl":{"start":{"line":18,"column":35},"end":{"line":18,"column":36}},"loc":{"start":{"line":18,"column":45},"end":{"line":18,"column":67}},"line":18},"7":{"name":"(anonymous_7)","decl":{"start":{"line":19,"column":43},"end":{"line":19,"column":44}},"loc":{"start":{"line":19,"column":56},"end":{"line":19,"column":70}},"line":19},"8":{"name":"getCartCount","decl":{"start":{"line":22,"column":16},"end":{"line":22,"column":28}},"loc":{"start":{"line":22,"column":73},"end":{"line":24,"column":1}},"line":22},"9":{"name":"(anonymous_9)","decl":{"start":{"line":23,"column":42},"end":{"line":23,"column":43}},"loc":{"start":{"line":23,"column":63},"end":{"line":23,"column":79}},"line":23}},"branchMap":{"0":{"loc":{"start":{"line":8,"column":10},"end":{"line":8,"column":32}},"type":"binary-expr","locations":[{"start":{"line":8,"column":10},"end":{"line":8,"column":26}},{"start":{"line":8,"column":30},"end":{"line":8,"column":32}}],"line":8},"1":{"loc":{"start":{"line":14,"column":2},"end":{"line":16,"column":3}},"type":"if","locations":[{"start":{"line":14,"column":2},"end":{"line":16,"column":3}},{"start":{},"end":{}}],"line":14},"2":{"loc":{"start":{"line":15,"column":45},"end":{"line":15,"column":68}},"type":"binary-expr","locations":[{"start":{"line":15,"column":45},"end":{"line":15,"column":62}},{"start":{"line":15,"column":66},"end":{"line":15,"column":68}}],"line":15},"3":{"loc":{"start":{"line":19,"column":10},"end":{"line":19,"column":34}},"type":"binary-expr","locations":[{"start":{"line":19,"column":10},"end":{"line":19,"column":28}},{"start":{"line":19,"column":32},"end":{"line":19,"column":34}}],"line":19}},"s":{"0":26,"1":9,"2":15,"3":6,"4":6,"5":3,"6":3,"7":3,"8":3,"9":5,"10":3,"11":2,"12":2,"13":3},"f":{"0":26,"1":9,"2":15,"3":6,"4":3,"5":3,"6":5,"7":2,"8":2,"9":3},"b":{"0":[9,3],"1":[3,3],"2":[3,1],"3":[3,2]},"_coverageSchema":"1a1c01bbd47fc00a2c39e90264f33305004495a9","hash":"d8f03c6648cf8d2079cc3f8b9728751bb18ee12e"}
,"C:\\Users\\Tomas\\Desktop\\Repositorios\\desarrollo-aplicaciones-front\\src\\utils\\owner.ts": {"path":"C:\\Users\\Tomas\\Desktop\\Repositorios\\desarrollo-aplicaciones-front\\src\\utils\\owner.ts","statementMap":{"0":{"start":{"line":3,"column":24},"end":{"line":5,"column":1}},"1":{"start":{"line":4,"column":2},"end":{"line":4,"column":43}}},"fnMap":{"0":{"name":"(anonymous_0)","decl":{"start":{"line":3,"column":24},"end":{"line":3,"column":25}},"loc":{"start":{"line":3,"column":71},"end":{"line":5,"column":1}},"line":3}},"branchMap":{},"s":{"0":1,"1":2},"f":{"0":2},"b":{},"_coverageSchema":"1a1c01bbd47fc00a2c39e90264f33305004495a9","hash":"f1c0563ef2ed495286c0ed455ce00bd4c7aea074"}
,"C:\\Users\\Tomas\\Desktop\\Repositorios\\desarrollo-aplicaciones-front\\src\\utils\\params.ts": {"path":"C:\\Users\\Tomas\\Desktop\\Repositorios\\desarrollo-aplicaciones-front\\src\\utils\\params.ts","statementMap":{"0":{"start":{"line":1,"column":24},"end":{"line":5,"column":1}},"1":{"start":{"line":2,"column":2},"end":{"line":2,"column":46}},"2":{"start":{"line":2,"column":33},"end":{"line":2,"column":46}},"3":{"start":{"line":3,"column":2},"end":{"line":3,"column":44}},"4":{"start":{"line":3,"column":28},"end":{"line":3,"column":44}},"5":{"start":{"line":4,"column":2},"end":{"line":4,"column":19}}},"fnMap":{"0":{"name":"(anonymous_0)","decl":{"start":{"line":1,"column":24},"end":{"line":1,"column":25}},"loc":{"start":{"line":1,"column":66},"end":{"line":5,"column":1}},"line":1}},"branchMap":{"0":{"loc":{"start":{"line":2,"column":2},"end":{"line":2,"column":46}},"type":"if","locations":[{"start":{"line":2,"column":2},"end":{"line":2,"column":46}},{"start":{},"end":{}}],"line":2},"1":{"loc":{"start":{"line":3,"column":2},"end":{"line":3,"column":44}},"type":"if","locations":[{"start":{"line":3,"column":2},"end":{"line":3,"column":44}},{"start":{},"end":{}}],"line":3}},"s":{"0":1,"1":5,"2":2,"3":3,"4":2,"5":1},"f":{"0":5},"b":{"0":[2,3],"1":[2,1]},"_coverageSchema":"1a1c01bbd47fc00a2c39e90264f33305004495a9","hash":"60cde0959eb5be01728cae4eb0f3ecbf574333ef"}
,"C:\\Users\\Tomas\\Desktop\\Repositorios\\desarrollo-aplicaciones-front\\src\\utils\\role.ts": {"path":"C:\\Users\\Tomas\\Desktop\\Repositorios\\desarrollo-aplicaciones-front\\src\\utils\\role.ts","statementMap":{"0":{"start":{"line":3,"column":22},"end":{"line":5,"column":1}},"1":{"start":{"line":4,"column":2},"end":{"line":4,"column":45}}},"fnMap":{"0":{"name":"(anonymous_0)","decl":{"start":{"line":3,"column":22},"end":{"line":3,"column":23}},"loc":{"start":{"line":3,"column":66},"end":{"line":5,"column":1}},"line":3}},"branchMap":{},"s":{"0":1,"1":4},"f":{"0":4},"b":{},"_coverageSchema":"1a1c01bbd47fc00a2c39e90264f33305004495a9","hash":"76cac5f8e974aefe7f3c3562cf8760eb5fb47e35"}
,"C:\\Users\\Tomas\\Desktop\\Repositorios\\desarrollo-aplicaciones-front\\src\\utils\\staffPermissions.ts": {"path":"C:\\Users\\Tomas\\Desktop\\Repositorios\\desarrollo-aplicaciones-front\\src\\utils\\staffPermissions.ts","statementMap":{"0":{"start":{"line":3,"column":31},"end":{"line":6,"column":43}},"1":{"start":{"line":4,"column":2},"end":{"line":6,"column":43}},"2":{"start":{"line":8,"column":29},"end":{"line":11,"column":43}},"3":{"start":{"line":9,"column":2},"end":{"line":11,"column":43}},"4":{"start":{"line":14,"column":36},"end":{"line":14,"column":72}},"5":{"start":{"line":14,"column":68},"end":{"line":14,"column":72}},"6":{"start":{"line":16,"column":30},"end":{"line":17,"column":74}},"7":{"start":{"line":17,"column":2},"end":{"line":17,"column":74}},"8":{"start":{"line":20,"column":32},"end":{"line":25,"column":1}},"9":{"start":{"line":21,"column":2},"end":{"line":21,"column":51}},"10":{"start":{"line":21,"column":42},"end":{"line":21,"column":51}},"11":{"start":{"line":22,"column":2},"end":{"line":22,"column":51}},"12":{"start":{"line":22,"column":42},"end":{"line":22,"column":51}},"13":{"start":{"line":23,"column":2},"end":{"line":23,"column":58}},"14":{"start":{"line":23,"column":49},"end":{"line":23,"column":58}},"15":{"start":{"line":24,"column":2},"end":{"line":24,"column":11}},"16":{"start":{"line":28,"column":34},"end":{"line":45,"column":1}},"17":{"start":{"line":29,"column":2},"end":{"line":35,"column":3}},"18":{"start":{"line":30,"column":4},"end":{"line":34,"column":6}},"19":{"start":{"line":37,"column":2},"end":{"line":42,"column":3}},"20":{"start":{"line":38,"column":4},"end":{"line":41,"column":6}},"21":{"start":{"line":44,"column":2},"end":{"line":44,"column":12}},"22":{"start":{"line":48,"column":31},"end":{"line":54,"column":1}},"23":{"start":{"line":52,"column":2},"end":{"line":52,"column":56}},"24":{"start":{"line":52,"column":44},"end":{"line":52,"column":56}},"25":{"start":{"line":53,"column":2},"end":{"line":53,"column":64}}},"fnMap":{"0":{"name":"(anonymous_0)","decl":{"start":{"line":3,"column":31},"end":{"line":3,"column":32}},"loc":{"start":{"line":4,"column":2},"end":{"line":6,"column":43}},"line":4},"1":{"name":"(anonymous_1)","decl":{"start":{"line":8,"column":29},"end":{"line":8,"column":30}},"loc":{"start":{"line":9,"column":2},"end":{"line":11,"column":43}},"line":9},"2":{"name":"(anonymous_2)","decl":{"start":{"line":14,"column":36},"end":{"line":14,"column":37}},"loc":{"start":{"line":14,"column":68},"end":{"line":14,"column":72}},"line":14},"3":{"name":"(anonymous_3)","decl":{"start":{"line":16,"column":30},"end":{"line":16,"column":31}},"loc":{"start":{"line":17,"column":2},"end":{"line":17,"column":74}},"line":17},"4":{"name":"(anonymous_4)","decl":{"start":{"line":20,"column":32},"end":{"line":20,"column":33}},"loc":{"start":{"line":20,"column":71},"end":{"line":25,"column":1}},"line":20},"5":{"name":"(anonymous_5)","decl":{"start":{"line":28,"column":34},"end":{"line":28,"column":35}},"loc":{"start":{"line":28,"column":88},"end":{"line":45,"column":1}},"line":28},"6":{"name":"(anonymous_6)","decl":{"start":{"line":48,"column":31},"end":{"line":48,"column":32}},"loc":{"start":{"line":51,"column":14},"end":{"line":54,"column":1}},"line":51}},"branchMap":{"0":{"loc":{"start":{"line":4,"column":2},"end":{"line":6,"column":43}},"type":"binary-expr","locations":[{"start":{"line":4,"column":2},"end":{"line":4,"column":36}},{"start":{"line":5,"column":2},"end":{"line":5,"column":36}},{"start":{"line":6,"column":2},"end":{"line":6,"column":43}}],"line":4},"1":{"loc":{"start":{"line":9,"column":2},"end":{"line":11,"column":43}},"type":"binary-expr","locations":[{"start":{"line":9,"column":2},"end":{"line":9,"column":36}},{"start":{"line":10,"column":2},"end":{"line":10,"column":36}},{"start":{"line":11,"column":2},"end":{"line":11,"column":43}}],"line":9},"2":{"loc":{"start":{"line":17,"column":2},"end":{"line":17,"column":74}},"type":"binary-expr","locations":[{"start":{"line":17,"column":2},"end":{"line":17,"column":36}},{"start":{"line":17,"column":40},"end":{"line":17,"column":74}}],"line":17},"3":{"loc":{"start":{"line":21,"column":2},"end":{"line":21,"column":51}},"type":"if","locations":[{"start":{"line":21,"column":2},"end":{"line":21,"column":51}},{"start":{},"end":{}}],"line":21},"4":{"loc":{"start":{"line":22,"column":2},"end":{"line":22,"column":51}},"type":"if","locations":[{"start":{"line":22,"column":2},"end":{"line":22,"column":51}},{"start":{},"end":{}}],"line":22},"5":{"loc":{"start":{"line":23,"column":2},"end":{"line":23,"column":58}},"type":"if","locations":[{"start":{"line":23,"column":2},"end":{"line":23,"column":58}},{"start":{},"end":{}}],"line":23},"6":{"loc":{"start":{"line":29,"column":2},"end":{"line":35,"column":3}},"type":"if","locations":[{"start":{"line":29,"column":2},"end":{"line":35,"column":3}},{"start":{},"end":{}}],"line":29},"7":{"loc":{"start":{"line":37,"column":2},"end":{"line":42,"column":3}},"type":"if","locations":[{"start":{"line":37,"column":2},"end":{"line":42,"column":3}},{"start":{},"end":{}}],"line":37},"8":{"loc":{"start":{"line":52,"column":2},"end":{"line":52,"column":56}},"type":"if","locations":[{"start":{"line":52,"column":2},"end":{"line":52,"column":56}},{"start":{},"end":{}}],"line":52}},"s":{"0":1,"1":4,"2":1,"3":4,"4":1,"5":4,"6":1,"7":4,"8":1,"9":22,"10":3,"11":19,"12":8,"13":11,"14":5,"15":6,"16":1,"17":4,"18":1,"19":3,"20":1,"21":2,"22":1,"23":9,"24":3,"25":6},"f":{"0":4,"1":4,"2":4,"3":4,"4":22,"5":4,"6":9},"b":{"0":[4,3,2],"1":[4,3,2],"2":[4,3],"3":[3,19],"4":[8,11],"5":[5,6],"6":[1,3],"7":[1,2],"8":[3,6]},"_coverageSchema":"1a1c01bbd47fc00a2c39e90264f33305004495a9","hash":"60d79d771fe0f8cd3ebfc59533e4669f64e76c78"}
}
