TN:
SF:src\components\auth\AuthScreen.tsx
FN:11,AuthScreen
FN:31,(anonymous_1)
FN:64,(anonymous_2)
FNF:3
FNH:3
FNDA:7,AuthScreen
FNDA:5,(anonymous_1)
FNDA:1,(anonymous_2)
DA:26,7
DA:27,7
DA:29,7
DA:31,7
DA:32,5
DA:33,1
DA:37,7
DA:64,1
DA:82,1
LF:9
LH:9
BRDA:32,0,0,1
BRDA:32,0,1,4
BRDA:32,1,0,5
BRDA:32,1,1,2
BRF:4
BRH:4
end_of_record
TN:
SF:src\components\cart\CartScreen.tsx
FN:16,(anonymous_0)
FN:20,(anonymous_1)
FN:34,(anonymous_2)
FN:43,(anonymous_3)
FN:58,(anonymous_4)
FN:59,(anonymous_5)
FN:84,(anonymous_6)
FNF:7
FNH:7
FNDA:9,(anonymous_0)
FNDA:9,(anonymous_1)
FNDA:1,(anonymous_2)
FNDA:6,(anonymous_3)
FNDA:1,(anonymous_4)
FNDA:1,(anonymous_5)
FNDA:1,(anonymous_6)
DA:14,1
DA:16,1
DA:17,9
DA:19,9
DA:21,9
DA:22,2
DA:27,9
DA:29,6
DA:31,6
DA:34,1
DA:44,6
DA:45,6
DA:58,1
DA:59,1
DA:84,1
DA:91,1
LF:16
LH:16
BRDA:21,0,0,2
BRDA:21,0,1,7
BRDA:27,1,0,3
BRDA:27,1,1,6
BRDA:27,2,0,9
BRDA:27,2,1,8
BRDA:44,3,0,1
BRDA:44,3,1,5
BRF:8
BRH:8
end_of_record
TN:
SF:src\components\restaurants\RestaurantCard.tsx
FN:9,(anonymous_0)
FN:10,(anonymous_1)
FNF:2
FNH:2
FNDA:12,(anonymous_0)
FNDA:1,(anonymous_1)
DA:9,2
DA:10,12
DA:11,1
DA:14,12
DA:25,2
LF:5
LH:5
BRF:0
BRH:0
end_of_record
TN:
SF:src\components\restaurants\RestaurantsList.tsx
FN:9,(anonymous_0)
FN:11,(anonymous_1)
FN:21,(anonymous_2)
FNF:3
FNH:3
FNDA:6,(anonymous_0)
FNDA:15,(anonymous_1)
FNDA:10,(anonymous_2)
DA:9,1
DA:10,6
DA:11,15
DA:13,6
DA:21,10
DA:30,1
LF:6
LH:6
BRDA:20,0,0,4
BRDA:20,0,1,2
BRDA:20,1,0,6
BRDA:20,1,1,6
BRF:4
BRH:4
end_of_record
TN:
SF:src\components\shared\CartStepper.tsx
FN:14,(anonymous_0)
FNF:1
FNH:1
FNDA:10,(anonymous_0)
DA:14,2
DA:15,10
DA:33,2
LF:3
LH:3
BRDA:19,0,0,10
BRDA:19,0,1,1
BRF:2
BRH:2
end_of_record
TN:
SF:src\providers\auth.provider.tsx
FN:21,(anonymous_0)
FN:22,(anonymous_1)
FN:23,(anonymous_2)
FN:26,AuthProvider
FN:31,(anonymous_4)
FN:41,(anonymous_5)
FN:46,(anonymous_6)
FN:50,(anonymous_7)
FN:61,(anonymous_8)
FN:64,(anonymous_9)
FN:91,(anonymous_10)
FN:105,(anonymous_11)
FN:126,(anonymous_12)
FNF:13
FNH:10
FNDA:0,(anonymous_0)
FNDA:0,(anonymous_1)
FNDA:0,(anonymous_2)
FNDA:24,AuthProvider
FNDA:12,(anonymous_4)
FNDA:1,(anonymous_5)
FNDA:1,(anonymous_6)
FNDA:2,(anonymous_7)
FNDA:10,(anonymous_8)
FNDA:10,(anonymous_9)
FNDA:2,(anonymous_10)
FNDA:10,(anonymous_11)
FNDA:22,(anonymous_12)
DA:17,1
DA:27,24
DA:28,24
DA:29,24
DA:31,24
DA:32,12
DA:33,8
DA:34,8
DA:37,4
DA:38,2
DA:41,24
DA:42,1
DA:46,24
DA:47,1
DA:50,24
DA:51,2
DA:52,2
DA:54,2
DA:55,2
DA:57,1
DA:61,24
DA:62,10
DA:64,10
DA:65,10
DA:69,10
DA:71,10
DA:73,10
DA:75,10
DA:76,10
DA:78,1
DA:79,1
DA:81,10
DA:82,10
DA:87,10
DA:91,10
DA:92,2
DA:93,2
DA:95,2
DA:96,2
DA:98,1
DA:99,1
DA:101,2
DA:105,10
DA:106,10
DA:107,10
DA:111,24
DA:126,22
LF:47
LH:47
BRDA:32,0,0,8
BRDA:32,0,1,4
BRDA:71,1,0,0
BRDA:71,1,1,10
BRDA:81,2,0,10
BRDA:81,2,1,0
BRF:6
BRH:4
end_of_record
TN:
SF:src\providers\cart.provider.tsx
FN:36,CartProvider
FN:41,(anonymous_1)
FN:41,(anonymous_2)
FN:46,(anonymous_3)
FN:46,(anonymous_4)
FN:52,(anonymous_5)
FN:53,(anonymous_6)
FN:63,(anonymous_7)
FN:68,(anonymous_8)
FN:73,(anonymous_9)
FN:73,(anonymous_10)
FN:77,(anonymous_11)
FN:78,(anonymous_12)
FN:79,(anonymous_13)
FN:81,(anonymous_14)
FN:99,(anonymous_15)
FN:100,(anonymous_16)
FN:101,(anonymous_17)
FN:105,(anonymous_18)
FN:106,(anonymous_19)
FN:107,(anonymous_20)
FN:109,(anonymous_21)
FN:110,(anonymous_22)
FN:117,(anonymous_23)
FN:150,useCart
FNF:25
FNH:25
FNDA:58,CartProvider
FNDA:55,(anonymous_1)
FNDA:32,(anonymous_2)
FNDA:55,(anonymous_3)
FNDA:32,(anonymous_4)
FNDA:10,(anonymous_5)
FNDA:10,(anonymous_6)
FNDA:1,(anonymous_7)
FNDA:1,(anonymous_8)
FNDA:8,(anonymous_9)
FNDA:8,(anonymous_10)
FNDA:18,(anonymous_11)
FNDA:18,(anonymous_12)
FNDA:5,(anonymous_13)
FNDA:3,(anonymous_14)
FNDA:5,(anonymous_15)
FNDA:5,(anonymous_16)
FNDA:7,(anonymous_17)
FNDA:4,(anonymous_18)
FNDA:4,(anonymous_19)
FNDA:3,(anonymous_20)
FNDA:1,(anonymous_21)
FNDA:3,(anonymous_22)
FNDA:56,(anonymous_23)
FNDA:58,useCart
DA:34,1
DA:37,58
DA:38,58
DA:40,58
DA:41,55
DA:45,58
DA:46,55
DA:50,58
DA:52,58
DA:53,10
DA:54,10
DA:55,10
DA:56,10
DA:57,9
DA:59,10
DA:63,58
DA:64,1
DA:65,1
DA:68,58
DA:69,1
DA:72,58
DA:73,8
DA:77,58
DA:78,18
DA:79,18
DA:80,18
DA:81,2
DA:82,3
DA:85,16
DA:99,58
DA:100,5
DA:101,7
DA:105,58
DA:106,4
DA:107,4
DA:108,4
DA:109,3
DA:110,2
DA:111,3
DA:116,58
DA:117,56
DA:147,58
DA:151,58
DA:152,58
DA:153,2
DA:155,56
LF:46
LH:46
BRDA:56,0,0,9
BRDA:56,0,1,1
BRDA:56,1,0,10
BRDA:56,1,1,2
BRDA:73,2,0,8
BRDA:73,2,1,2
BRDA:80,3,0,2
BRDA:80,3,1,16
BRDA:82,4,0,2
BRDA:82,4,1,1
BRDA:101,5,0,5
BRDA:101,5,1,2
BRDA:108,6,0,1
BRDA:108,6,1,3
BRDA:109,7,0,1
BRDA:109,7,1,2
BRDA:111,8,0,2
BRDA:111,8,1,1
BRDA:152,9,0,2
BRDA:152,9,1,56
BRF:20
BRH:20
end_of_record
TN:
SF:src\services\app_user.service.ts
FN:5,(anonymous_0)
FN:11,(anonymous_1)
FN:17,(anonymous_2)
FNF:3
FNH:3
FNDA:1,(anonymous_0)
FNDA:1,(anonymous_1)
FNDA:1,(anonymous_2)
DA:4,1
DA:6,1
DA:12,1
DA:18,1
LF:4
LH:4
BRF:0
BRH:0
end_of_record
TN:
SF:src\services\menu.service.ts
FN:5,(anonymous_0)
FN:13,(anonymous_1)
FN:20,(anonymous_2)
FN:28,(anonymous_3)
FN:36,(anonymous_4)
FNF:5
FNH:5
FNDA:1,(anonymous_0)
FNDA:1,(anonymous_1)
FNDA:1,(anonymous_2)
FNDA:1,(anonymous_3)
FNDA:1,(anonymous_4)
DA:4,1
DA:6,1
DA:14,1
DA:21,1
DA:29,1
DA:37,1
LF:6
LH:6
BRF:0
BRH:0
end_of_record
TN:
SF:src\services\order.service.ts
FN:9,(anonymous_0)
FN:15,(anonymous_1)
FN:23,(anonymous_2)
FN:33,(anonymous_3)
FN:41,(anonymous_4)
FN:47,(anonymous_5)
FNF:6
FNH:6
FNDA:1,(anonymous_0)
FNDA:1,(anonymous_1)
FNDA:1,(anonymous_2)
FNDA:1,(anonymous_3)
FNDA:1,(anonymous_4)
FNDA:1,(anonymous_5)
DA:8,1
DA:10,1
DA:16,1
DA:24,1
DA:30,1
DA:34,1
DA:38,1
DA:42,1
DA:48,1
LF:9
LH:9
BRF:0
BRH:0
end_of_record
TN:
SF:src\services\restaurant.service.ts
FN:5,(anonymous_0)
FN:11,(anonymous_1)
FN:17,(anonymous_2)
FN:23,(anonymous_3)
FNF:4
FNH:4
FNDA:1,(anonymous_0)
FNDA:1,(anonymous_1)
FNDA:1,(anonymous_2)
FNDA:1,(anonymous_3)
DA:4,1
DA:6,1
DA:12,1
DA:18,1
DA:24,1
LF:5
LH:5
BRF:0
BRH:0
end_of_record
TN:
SF:src\services\restaurant_staff.service.ts
FN:5,(anonymous_0)
FN:11,(anonymous_1)
FN:17,(anonymous_2)
FN:25,(anonymous_3)
FN:33,(anonymous_4)
FNF:5
FNH:5
FNDA:1,(anonymous_0)
FNDA:1,(anonymous_1)
FNDA:1,(anonymous_2)
FNDA:1,(anonymous_3)
FNDA:1,(anonymous_4)
DA:4,1
DA:6,1
DA:12,1
DA:18,1
DA:26,1
DA:34,1
LF:6
LH:6
BRF:0
BRH:0
end_of_record
TN:
SF:src\services\supabase.service.ts
FN:4,(anonymous_0)
FN:18,(anonymous_1)
FN:30,(anonymous_2)
FNF:3
FNH:3
FNDA:2,(anonymous_0)
FNDA:2,(anonymous_1)
FNDA:2,(anonymous_2)
DA:3,1
DA:5,2
DA:10,2
DA:11,1
DA:12,1
DA:15,1
DA:19,2
DA:24,2
DA:25,1
DA:26,1
DA:31,2
DA:33,2
DA:34,1
LF:13
LH:13
BRDA:10,0,0,1
BRDA:10,0,1,1
BRDA:10,1,0,2
BRDA:10,1,1,1
BRDA:24,2,0,1
BRDA:24,2,1,1
BRDA:24,3,0,2
BRDA:24,3,1,1
BRDA:33,4,0,1
BRDA:33,4,1,1
BRF:10
BRH:10
end_of_record
TN:
SF:src\services\table.service.ts
FN:5,(anonymous_0)
FN:13,(anonymous_1)
FN:21,(anonymous_2)
FNF:3
FNH:3
FNDA:1,(anonymous_0)
FNDA:1,(anonymous_1)
FNDA:1,(anonymous_2)
DA:4,1
DA:6,1
DA:14,1
DA:22,1
LF:4
LH:4
BRF:0
BRH:0
end_of_record
TN:
SF:src\utils\menu.ts
FN:3,formatPrice
FN:7,getActiveCategories
FN:8,(anonymous_2)
FN:11,getProductsForCategory
FN:15,(anonymous_4)
FN:15,(anonymous_5)
FN:18,(anonymous_6)
FN:19,(anonymous_7)
FN:22,getCartCount
FN:23,(anonymous_9)
FNF:10
FNH:10
FNDA:26,formatPrice
FNDA:9,getActiveCategories
FNDA:15,(anonymous_2)
FNDA:6,getProductsForCategory
FNDA:3,(anonymous_4)
FNDA:3,(anonymous_5)
FNDA:5,(anonymous_6)
FNDA:2,(anonymous_7)
FNDA:2,getCartCount
FNDA:3,(anonymous_9)
DA:4,26
DA:8,15
DA:12,6
DA:14,6
DA:15,3
DA:18,5
DA:19,3
DA:23,3
LF:8
LH:8
BRDA:8,0,0,9
BRDA:8,0,1,3
BRDA:14,1,0,3
BRDA:14,1,1,3
BRDA:15,2,0,3
BRDA:15,2,1,1
BRDA:19,3,0,3
BRDA:19,3,1,2
BRF:8
BRH:8
end_of_record
TN:
SF:src\utils\owner.ts
FN:3,(anonymous_0)
FNF:1
FNH:1
FNDA:2,(anonymous_0)
DA:3,1
DA:4,2
LF:2
LH:2
BRF:0
BRH:0
end_of_record
TN:
SF:src\utils\params.ts
FN:1,(anonymous_0)
FNF:1
FNH:1
FNDA:5,(anonymous_0)
DA:1,1
DA:2,5
DA:3,3
DA:4,1
LF:4
LH:4
BRDA:2,0,0,2
BRDA:2,0,1,3
BRDA:3,1,0,2
BRDA:3,1,1,1
BRF:4
BRH:4
end_of_record
TN:
SF:src\utils\role.ts
FN:3,(anonymous_0)
FNF:1
FNH:1
FNDA:4,(anonymous_0)
DA:3,1
DA:4,4
LF:2
LH:2
BRF:0
BRH:0
end_of_record
TN:
SF:src\utils\staffPermissions.ts
FN:3,(anonymous_0)
FN:8,(anonymous_1)
FN:14,(anonymous_2)
FN:16,(anonymous_3)
FN:20,(anonymous_4)
FN:28,(anonymous_5)
FN:48,(anonymous_6)
FNF:7
FNH:7
FNDA:4,(anonymous_0)
FNDA:4,(anonymous_1)
FNDA:4,(anonymous_2)
FNDA:4,(anonymous_3)
FNDA:22,(anonymous_4)
FNDA:4,(anonymous_5)
FNDA:9,(anonymous_6)
DA:3,1
DA:4,4
DA:8,1
DA:9,4
DA:14,4
DA:16,1
DA:17,4
DA:20,1
DA:21,22
DA:22,19
DA:23,11
DA:24,6
DA:28,1
DA:29,4
DA:30,1
DA:37,3
DA:38,1
DA:44,2
DA:48,1
DA:52,9
DA:53,6
LF:21
LH:21
BRDA:4,0,0,4
BRDA:4,0,1,3
BRDA:4,0,2,2
BRDA:9,1,0,4
BRDA:9,1,1,3
BRDA:9,1,2,2
BRDA:17,2,0,4
BRDA:17,2,1,3
BRDA:21,3,0,3
BRDA:21,3,1,19
BRDA:22,4,0,8
BRDA:22,4,1,11
BRDA:23,5,0,5
BRDA:23,5,1,6
BRDA:29,6,0,1
BRDA:29,6,1,3
BRDA:37,7,0,1
BRDA:37,7,1,2
BRDA:52,8,0,3
BRDA:52,8,1,6
BRF:20
BRH:20
end_of_record
